This is pdfTeX, Version 3.141592653-2.6-1.40.29 (TeX Live 2026) (preloaded format=pdflatex 2026.3.8)  8 MAR 2026 12:27
entering extended mode
 restricted \write18 enabled.
 %&-line parsing enabled.
**/Users/fabiansmith/Repositories/CORAS/examples/corasdiagram-demo.tex
(/Users/fabiansmith/Repositories/CORAS/examples/corasdiagram-demo.tex
LaTeX2e <2025-11-01>
L3 programming layer <2026-01-19>
(/usr/local/texlive/2026basic/texmf-dist/tex/latex/base/article.cls
Document Class: article 2025/01/22 v1.4n Standard LaTeX document class
(/usr/local/texlive/2026basic/texmf-dist/tex/latex/base/size10.clo
File: size10.clo 2025/01/22 v1.4n Standard LaTeX file (size option)
)
\c@part=\count275
\c@section=\count276
\c@subsection=\count277
\c@subsubsection=\count278
\c@paragraph=\count279
\c@subparagraph=\count280
\c@figure=\count281
\c@table=\count282
\abovecaptionskip=\skip49
\belowcaptionskip=\skip50
\bibindent=\dimen148
)
(/usr/local/texlive/2026basic/texmf-dist/tex/latex/geometry/geometry.sty
Package: geometry 2020/01/02 v5.9 Page Geometry

(/usr/local/texlive/2026basic/texmf-dist/tex/latex/graphics/keyval.sty
Package: keyval 2022/05/29 v1.15 key=value parser (DPC)
\KV@toks@=\toks17
)
(/usr/local/texlive/2026basic/texmf-dist/tex/generic/iftex/ifvtex.sty
Package: ifvtex 2019/10/25 v1.7 ifvtex legacy package. Use iftex instead.

(/usr/local/texlive/2026basic/texmf-dist/tex/generic/iftex/iftex.sty
Package: iftex 2024/12/12 v1.0g TeX engine tests
))
\Gm@cnth=\count283
\Gm@cntv=\count284
\c@Gm@tempcnt=\count285
\Gm@bindingoffset=\dimen149
\Gm@wd@mp=\dimen150
\Gm@odd@mp=\dimen151
\Gm@even@mp=\dimen152
\Gm@layoutwidth=\dimen153
\Gm@layoutheight=\dimen154
\Gm@layouthoffset=\dimen155
\Gm@layoutvoffset=\dimen156
\Gm@dimlist=\toks18
)
(/Users/fabiansmith/Repositories/CORAS/tex/latex/corasdiagram/corasdiagram.sty
Package: corasdiagram 2026/03/08 CORAS diagram package

(/usr/local/texlive/2026basic/texmf-dist/tex/latex/graphics/graphicx.sty
Package: graphicx 2024/12/31 v1.2e Enhanced LaTeX Graphics (DPC,SPQR)

(/usr/local/texlive/2026basic/texmf-dist/tex/latex/graphics/graphics.sty
Package: graphics 2024/08/06 v1.4g Standard LaTeX Graphics (DPC,SPQR)

(/usr/local/texlive/2026basic/texmf-dist/tex/latex/graphics/trig.sty
Package: trig 2023/12/02 v1.11 sin cos tan (DPC)
)
(/usr/local/texlive/2026basic/texmf-dist/tex/latex/graphics-cfg/graphics.cfg
File: graphics.cfg 2016/06/04 v1.11 sample graphics configuration
)
Package graphics Info: Driver file: pdftex.def on input line 106.

(/usr/local/texlive/2026basic/texmf-dist/tex/latex/graphics-def/pdftex.def
File: pdftex.def 2025/09/29 v1.2d Graphics/color driver for pdftex
))
\Gin@req@height=\dimen157
\Gin@req@width=\dimen158
)
(/usr/local/texlive/2026basic/texmf-dist/tex/latex/pgf/utilities/pgfkeys.sty
(/usr/local/texlive/2026basic/texmf-dist/tex/generic/pgf/utilities/pgfkeys.code
.tex
\pgfkeys@pathtoks=\toks19
\pgfkeys@temptoks=\toks20

(/usr/local/texlive/2026basic/texmf-dist/tex/generic/pgf/utilities/pgfkeyslibra
ryfiltered.code.tex
\pgfkeys@tmptoks=\toks21
)))
(/usr/local/texlive/2026basic/texmf-dist/tex/latex/pgf/frontendlayer/tikz.sty
(/usr/local/texlive/2026basic/texmf-dist/tex/latex/pgf/basiclayer/pgf.sty
(/usr/local/texlive/2026basic/texmf-dist/tex/latex/pgf/utilities/pgfrcs.sty
(/usr/local/texlive/2026basic/texmf-dist/tex/generic/pgf/utilities/pgfutil-comm
on.tex
\pgfutil@everybye=\toks22
\pgfutil@tempdima=\dimen159
\pgfutil@tempdimb=\dimen160
)
(/usr/local/texlive/2026basic/texmf-dist/tex/generic/pgf/utilities/pgfutil-late
x.def
\pgfutil@abb=\box53
)
(/usr/local/texlive/2026basic/texmf-dist/tex/generic/pgf/utilities/pgfrcs.code.
tex (/usr/local/texlive/2026basic/texmf-dist/tex/generic/pgf/pgf.revision.tex)
Package: pgfrcs 2025-08-29 v3.1.11a (3.1.11a)
))
Package: pgf 2025-08-29 v3.1.11a (3.1.11a)
 (/usr/local/texlive/2026basic/texmf-dist/tex/latex/pgf/basiclayer/pgfcore.sty 
(/usr/local/texlive/2026basic/texmf-dist/tex/latex/pgf/systemlayer/pgfsys.sty
(/usr/local/texlive/2026basic/texmf-dist/tex/generic/pgf/systemlayer/pgfsys.cod
e.tex
Package: pgfsys 2025-08-29 v3.1.11a (3.1.11a)
\pgf@x=\dimen161
\pgf@y=\dimen162
\pgf@xa=\dimen163
\pgf@ya=\dimen164
\pgf@xb=\dimen165
\pgf@yb=\dimen166
\pgf@xc=\dimen167
\pgf@yc=\dimen168
\pgf@xd=\dimen169
\pgf@yd=\dimen170
\w@pgf@writea=\write3
\r@pgf@reada=\read2
\c@pgf@counta=\count286
\c@pgf@countb=\count287
\c@pgf@countc=\count288
\c@pgf@countd=\count289
\t@pgf@toka=\toks23
\t@pgf@tokb=\toks24
\t@pgf@tokc=\toks25
\pgf@sys@id@count=\count290

(/usr/local/texlive/2026basic/texmf-dist/tex/generic/pgf/systemlayer/pgf.cfg
File: pgf.cfg 2025-08-29 v3.1.11a (3.1.11a)
)
Driver file for pgf: pgfsys-pdftex.def

(/usr/local/texlive/2026basic/texmf-dist/tex/generic/pgf/systemlayer/pgfsys-pdf
tex.def
File: pgfsys-pdftex.def 2025-08-29 v3.1.11a (3.1.11a)

(/usr/local/texlive/2026basic/texmf-dist/tex/generic/pgf/systemlayer/pgfsys-com
mon-pdf.def
File: pgfsys-common-pdf.def 2025-08-29 v3.1.11a (3.1.11a)
)))
(/usr/local/texlive/2026basic/texmf-dist/tex/generic/pgf/systemlayer/pgfsyssoft
path.code.tex
File: pgfsyssoftpath.code.tex 2025-08-29 v3.1.11a (3.1.11a)
\pgfsyssoftpath@smallbuffer@items=\count291
\pgfsyssoftpath@bigbuffer@items=\count292
)
(/usr/local/texlive/2026basic/texmf-dist/tex/generic/pgf/systemlayer/pgfsysprot
ocol.code.tex
File: pgfsysprotocol.code.tex 2025-08-29 v3.1.11a (3.1.11a)
))
(/usr/local/texlive/2026basic/texmf-dist/tex/latex/xcolor/xcolor.sty
Package: xcolor 2024/09/29 v3.02 LaTeX color extensions (UK)

(/usr/local/texlive/2026basic/texmf-dist/tex/latex/graphics-cfg/color.cfg
File: color.cfg 2016/01/02 v1.6 sample color configuration
)
Package xcolor Info: Driver file: pdftex.def on input line 274.

(/usr/local/texlive/2026basic/texmf-dist/tex/latex/graphics/mathcolor.ltx)
Package xcolor Info: Model `cmy' substituted by `cmy0' on input line 1349.
Package xcolor Info: Model `hsb' substituted by `rgb' on input line 1353.
Package xcolor Info: Model `RGB' extended on input line 1365.
Package xcolor Info: Model `HTML' substituted by `rgb' on input line 1367.
Package xcolor Info: Model `Hsb' substituted by `hsb' on input line 1368.
Package xcolor Info: Model `tHsb' substituted by `hsb' on input line 1369.
Package xcolor Info: Model `HSB' substituted by `hsb' on input line 1370.
Package xcolor Info: Model `Gray' substituted by `gray' on input line 1371.
Package xcolor Info: Model `wave' substituted by `hsb' on input line 1372.
)
(/usr/local/texlive/2026basic/texmf-dist/tex/generic/pgf/basiclayer/pgfcore.cod
e.tex
Package: pgfcore 2025-08-29 v3.1.11a (3.1.11a)

(/usr/local/texlive/2026basic/texmf-dist/tex/generic/pgf/math/pgfmath.code.tex
(/usr/local/texlive/2026basic/texmf-dist/tex/generic/pgf/math/pgfmathutil.code.
tex)
(/usr/local/texlive/2026basic/texmf-dist/tex/generic/pgf/math/pgfmathparser.cod
e.tex
\pgfmath@dimen=\dimen171
\pgfmath@count=\count293
\pgfmath@box=\box54
\pgfmath@toks=\toks26
\pgfmath@stack@operand=\toks27
\pgfmath@stack@operation=\toks28
)
(/usr/local/texlive/2026basic/texmf-dist/tex/generic/pgf/math/pgfmathfunctions.
code.tex)
(/usr/local/texlive/2026basic/texmf-dist/tex/generic/pgf/math/pgfmathfunctions.
basic.code.tex)
(/usr/local/texlive/2026basic/texmf-dist/tex/generic/pgf/math/pgfmathfunctions.
trigonometric.code.tex)
(/usr/local/texlive/2026basic/texmf-dist/tex/generic/pgf/math/pgfmathfunctions.
random.code.tex)
(/usr/local/texlive/2026basic/texmf-dist/tex/generic/pgf/math/pgfmathfunctions.
comparison.code.tex)
(/usr/local/texlive/2026basic/texmf-dist/tex/generic/pgf/math/pgfmathfunctions.
base.code.tex)
(/usr/local/texlive/2026basic/texmf-dist/tex/generic/pgf/math/pgfmathfunctions.
round.code.tex)
(/usr/local/texlive/2026basic/texmf-dist/tex/generic/pgf/math/pgfmathfunctions.
misc.code.tex)
(/usr/local/texlive/2026basic/texmf-dist/tex/generic/pgf/math/pgfmathfunctions.
integerarithmetics.code.tex)
(/usr/local/texlive/2026basic/texmf-dist/tex/generic/pgf/math/pgfmathcalc.code.
tex)
(/usr/local/texlive/2026basic/texmf-dist/tex/generic/pgf/math/pgfmathfloat.code
.tex
\c@pgfmathroundto@lastzeros=\count294
))
(/usr/local/texlive/2026basic/texmf-dist/tex/generic/pgf/math/pgfint.code.tex)
(/usr/local/texlive/2026basic/texmf-dist/tex/generic/pgf/basiclayer/pgfcorepoin
ts.code.tex
File: pgfcorepoints.code.tex 2025-08-29 v3.1.11a (3.1.11a)
\pgf@picminx=\dimen172
\pgf@picmaxx=\dimen173
\pgf@picminy=\dimen174
\pgf@picmaxy=\dimen175
\pgf@pathminx=\dimen176
\pgf@pathmaxx=\dimen177
\pgf@pathminy=\dimen178
\pgf@pathmaxy=\dimen179
\pgf@xx=\dimen180
\pgf@xy=\dimen181
\pgf@yx=\dimen182
\pgf@yy=\dimen183
\pgf@zx=\dimen184
\pgf@zy=\dimen185
)
(/usr/local/texlive/2026basic/texmf-dist/tex/generic/pgf/basiclayer/pgfcorepath
construct.code.tex
File: pgfcorepathconstruct.code.tex 2025-08-29 v3.1.11a (3.1.11a)
\pgf@path@lastx=\dimen186
\pgf@path@lasty=\dimen187
)
(/usr/local/texlive/2026basic/texmf-dist/tex/generic/pgf/basiclayer/pgfcorepath
usage.code.tex
File: pgfcorepathusage.code.tex 2025-08-29 v3.1.11a (3.1.11a)
\pgf@shorten@end@additional=\dimen188
\pgf@shorten@start@additional=\dimen189
)
(/usr/local/texlive/2026basic/texmf-dist/tex/generic/pgf/basiclayer/pgfcorescop
es.code.tex
File: pgfcorescopes.code.tex 2025-08-29 v3.1.11a (3.1.11a)
\pgfpic=\box55
\pgf@hbox=\box56
\pgf@layerbox@main=\box57
\pgf@picture@serial@count=\count295
)
(/usr/local/texlive/2026basic/texmf-dist/tex/generic/pgf/basiclayer/pgfcoregrap
hicstate.code.tex
File: pgfcoregraphicstate.code.tex 2025-08-29 v3.1.11a (3.1.11a)
\pgflinewidth=\dimen190
)
(/usr/local/texlive/2026basic/texmf-dist/tex/generic/pgf/basiclayer/pgfcoretran
sformations.code.tex
File: pgfcoretransformations.code.tex 2025-08-29 v3.1.11a (3.1.11a)
\pgf@pt@x=\dimen191
\pgf@pt@y=\dimen192
\pgf@pt@temp=\dimen193
)
(/usr/local/texlive/2026basic/texmf-dist/tex/generic/pgf/basiclayer/pgfcorequic
k.code.tex
File: pgfcorequick.code.tex 2025-08-29 v3.1.11a (3.1.11a)
)
(/usr/local/texlive/2026basic/texmf-dist/tex/generic/pgf/basiclayer/pgfcoreobje
cts.code.tex
File: pgfcoreobjects.code.tex 2025-08-29 v3.1.11a (3.1.11a)
)
(/usr/local/texlive/2026basic/texmf-dist/tex/generic/pgf/basiclayer/pgfcorepath
processing.code.tex
File: pgfcorepathprocessing.code.tex 2025-08-29 v3.1.11a (3.1.11a)
)
(/usr/local/texlive/2026basic/texmf-dist/tex/generic/pgf/basiclayer/pgfcorearro
ws.code.tex
File: pgfcorearrows.code.tex 2025-08-29 v3.1.11a (3.1.11a)
\pgfarrowsep=\dimen194
)
(/usr/local/texlive/2026basic/texmf-dist/tex/generic/pgf/basiclayer/pgfcoreshad
e.code.tex
File: pgfcoreshade.code.tex 2025-08-29 v3.1.11a (3.1.11a)
\pgf@max=\dimen195
\pgf@sys@shading@range@num=\count296
\pgf@shadingcount=\count297
)
(/usr/local/texlive/2026basic/texmf-dist/tex/generic/pgf/basiclayer/pgfcoreimag
e.code.tex
File: pgfcoreimage.code.tex 2025-08-29 v3.1.11a (3.1.11a)
)
(/usr/local/texlive/2026basic/texmf-dist/tex/generic/pgf/basiclayer/pgfcoreexte
rnal.code.tex
File: pgfcoreexternal.code.tex 2025-08-29 v3.1.11a (3.1.11a)
\pgfexternal@startupbox=\box58
)
(/usr/local/texlive/2026basic/texmf-dist/tex/generic/pgf/basiclayer/pgfcorelaye
rs.code.tex
File: pgfcorelayers.code.tex 2025-08-29 v3.1.11a (3.1.11a)
)
(/usr/local/texlive/2026basic/texmf-dist/tex/generic/pgf/basiclayer/pgfcoretran
sparency.code.tex
File: pgfcoretransparency.code.tex 2025-08-29 v3.1.11a (3.1.11a)
)
(/usr/local/texlive/2026basic/texmf-dist/tex/generic/pgf/basiclayer/pgfcorepatt
erns.code.tex
File: pgfcorepatterns.code.tex 2025-08-29 v3.1.11a (3.1.11a)
)
(/usr/local/texlive/2026basic/texmf-dist/tex/generic/pgf/basiclayer/pgfcorerdf.
code.tex
File: pgfcorerdf.code.tex 2025-08-29 v3.1.11a (3.1.11a)
)))
(/usr/local/texlive/2026basic/texmf-dist/tex/generic/pgf/modules/pgfmoduleshape
s.code.tex
File: pgfmoduleshapes.code.tex 2025-08-29 v3.1.11a (3.1.11a)
\pgfnodeparttextbox=\box59
)
(/usr/local/texlive/2026basic/texmf-dist/tex/generic/pgf/modules/pgfmoduleplot.
code.tex
File: pgfmoduleplot.code.tex 2025-08-29 v3.1.11a (3.1.11a)
)
(/usr/local/texlive/2026basic/texmf-dist/tex/latex/pgf/compatibility/pgfcomp-ve
rsion-0-65.sty
Package: pgfcomp-version-0-65 2025-08-29 v3.1.11a (3.1.11a)
\pgf@nodesepstart=\dimen196
\pgf@nodesepend=\dimen197
)
(/usr/local/texlive/2026basic/texmf-dist/tex/latex/pgf/compatibility/pgfcomp-ve
rsion-1-18.sty
Package: pgfcomp-version-1-18 2025-08-29 v3.1.11a (3.1.11a)
))
(/usr/local/texlive/2026basic/texmf-dist/tex/latex/pgf/utilities/pgffor.sty
(/usr/local/texlive/2026basic/texmf-dist/tex/latex/pgf/math/pgfmath.sty
(/usr/local/texlive/2026basic/texmf-dist/tex/generic/pgf/math/pgfmath.code.tex)
)
(/usr/local/texlive/2026basic/texmf-dist/tex/generic/pgf/utilities/pgffor.code.
tex
Package: pgffor 2025-08-29 v3.1.11a (3.1.11a)
\pgffor@iter=\dimen198
\pgffor@skip=\dimen199
\pgffor@stack=\toks29
\pgffor@toks=\toks30
))
(/usr/local/texlive/2026basic/texmf-dist/tex/generic/pgf/frontendlayer/tikz/tik
z.code.tex
Package: tikz 2025-08-29 v3.1.11a (3.1.11a)

(/usr/local/texlive/2026basic/texmf-dist/tex/generic/pgf/libraries/pgflibrarypl
othandlers.code.tex
File: pgflibraryplothandlers.code.tex 2025-08-29 v3.1.11a (3.1.11a)
\pgf@plot@mark@count=\count298
\pgfplotmarksize=\dimen256
)
\tikz@lastx=\dimen257
\tikz@lasty=\dimen258
\tikz@lastxsaved=\dimen259
\tikz@lastysaved=\dimen260
\tikz@lastmovetox=\dimen261
\tikz@lastmovetoy=\dimen262
\tikzleveldistance=\dimen263
\tikzsiblingdistance=\dimen264
\tikz@figbox=\box60
\tikz@figbox@bg=\box61
\tikz@tempbox=\box62
\tikz@tempbox@bg=\box63
\tikztreelevel=\count299
\tikznumberofchildren=\count300
\tikznumberofcurrentchild=\count301
\tikz@fig@count=\count302

(/usr/local/texlive/2026basic/texmf-dist/tex/generic/pgf/modules/pgfmodulematri
x.code.tex
File: pgfmodulematrix.code.tex 2025-08-29 v3.1.11a (3.1.11a)
\pgfmatrixcurrentrow=\count303
\pgfmatrixcurrentcolumn=\count304
\pgf@matrix@numberofcolumns=\count305
)
\tikz@expandcount=\count306

(/usr/local/texlive/2026basic/texmf-dist/tex/generic/pgf/frontendlayer/tikz/lib
raries/tikzlibrarytopaths.code.tex
File: tikzlibrarytopaths.code.tex 2025-08-29 v3.1.11a (3.1.11a)
)))
(/usr/local/texlive/2026basic/texmf-dist/tex/latex/l3packages/xparse/xparse.sty
(/usr/local/texlive/2026basic/texmf-dist/tex/latex/l3kernel/expl3.sty
Package: expl3 2026-01-19 L3 programming layer (loader) 

(/usr/local/texlive/2026basic/texmf-dist/tex/latex/l3backend/l3backend-pdftex.d
ef
File: l3backend-pdftex.def 2025-10-09 L3 backend support: PDF output (pdfTeX)
\l__color_backend_stack_int=\count307
))
Package: xparse 2025-10-09 L3 Experimental document command parser
)
(/usr/local/texlive/2026basic/texmf-dist/tex/generic/pgf/libraries/pgflibraryar
rows.meta.code.tex
File: pgflibraryarrows.meta.code.tex 2025-08-29 v3.1.11a (3.1.11a)
\pgfarrowinset=\dimen265
\pgfarrowlength=\dimen266
\pgfarrowwidth=\dimen267
\pgfarrowlinewidth=\dimen268
)
(/usr/local/texlive/2026basic/texmf-dist/tex/generic/pgf/frontendlayer/tikz/lib
raries/tikzlibrarycalc.code.tex
File: tikzlibrarycalc.code.tex 2025-08-29 v3.1.11a (3.1.11a)
)
(/usr/local/texlive/2026basic/texmf-dist/tex/generic/pgf/frontendlayer/tikz/lib
raries/tikzlibraryfit.code.tex
File: tikzlibraryfit.code.tex 2025-08-29 v3.1.11a (3.1.11a)
)
(/usr/local/texlive/2026basic/texmf-dist/tex/generic/pgf/frontendlayer/tikz/lib
raries/tikzlibrarypositioning.code.tex
File: tikzlibrarypositioning.code.tex 2025-08-29 v3.1.11a (3.1.11a)
)
(/usr/local/texlive/2026basic/texmf-dist/tex/generic/pgf/frontendlayer/tikz/lib
raries/tikzlibraryshapes.geometric.code.tex
File: tikzlibraryshapes.geometric.code.tex 2025-08-29 v3.1.11a (3.1.11a)

(/usr/local/texlive/2026basic/texmf-dist/tex/generic/pgf/libraries/shapes/pgfli
braryshapes.geometric.code.tex
File: pgflibraryshapes.geometric.code.tex 2025-08-29 v3.1.11a (3.1.11a)
))
\corasdiagram@autonode=\count308
)
No file corasdiagram-demo.aux.
\openout1 = `corasdiagram-demo.aux'.

LaTeX Font Info:    Checking defaults for OML/cmm/m/it on input line 9.
LaTeX Font Info:    ... okay on input line 9.
LaTeX Font Info:    Checking defaults for OMS/cmsy/m/n on input line 9.
LaTeX Font Info:    ... okay on input line 9.
LaTeX Font Info:    Checking defaults for OT1/cmr/m/n on input line 9.
LaTeX Font Info:    ... okay on input line 9.
LaTeX Font Info:    Checking defaults for T1/cmr/m/n on input line 9.
LaTeX Font Info:    ... okay on input line 9.
LaTeX Font Info:    Checking defaults for TS1/cmr/m/n on input line 9.
LaTeX Font Info:    ... okay on input line 9.
LaTeX Font Info:    Checking defaults for OMX/cmex/m/n on input line 9.
LaTeX Font Info:    ... okay on input line 9.
LaTeX Font Info:    Checking defaults for U/cmr/m/n on input line 9.
LaTeX Font Info:    ... okay on input line 9.
*geometry* driver: auto-detecting
*geometry* detected driver: pdftex
*geometry* verbose mode - [ preamble ] result:
* driver: pdftex
* paper: a4paper
* layout: <same size as paper>
* layoutoffset:(h,v)=(0.0pt,0.0pt)
* modes: 
* h-part:(L,W,R)=(51.21495pt, 495.07797pt, 51.21495pt)
* v-part:(T,H,B)=(51.21495pt, 742.61694pt, 51.21495pt)
* \paperwidth=597.50787pt
* \paperheight=845.04684pt
* \textwidth=495.07797pt
* \textheight=742.61694pt
* \oddsidemargin=-21.05504pt
* \evensidemargin=-21.05504pt
* \topmargin=-58.05504pt
* \headheight=12.0pt
* \headsep=25.0pt
* \topskip=10.0pt
* \footskip=30.0pt
* \marginparwidth=57.0pt
* \marginparsep=11.0pt
* \columnsep=10.0pt
* \skip\footins=9.0pt plus 4.0pt minus 2.0pt
* \hoffset=0.0pt
* \voffset=0.0pt
* \mag=1000
* \@twocolumnfalse
* \@twosidefalse
* \@mparswitchfalse
* \@reversemarginfalse
* (1in=72.27pt=25.4mm, 1cm=28.453pt)

(/usr/local/texlive/2026basic/texmf-dist/tex/context/base/mkii/supp-pdf.mkii
[Loading MPS to PDF converter (version 2006.09.02).]
\scratchcounter=\count309
\scratchdimen=\dimen269
\scratchbox=\box64
\nofMPsegments=\count310
\nofMParguments=\count311
\everyMPshowfont=\toks31
\MPscratchCnt=\count312
\MPscratchDim=\dimen270
\MPnumerator=\count313
\makeMPintoPDFobject=\count314
\everyMPtoPDFconversion=\toks32
)
(/usr/local/texlive/2026basic/texmf-dist/tex/latex/epstopdf-pkg/epstopdf-base.s
ty
Package: epstopdf-base 2020-01-24 v2.11 Base part for package epstopdf
Package epstopdf-base Info: Redefining graphics rule for `.eps' on input line 4
85.

(/usr/local/texlive/2026basic/texmf-dist/tex/latex/latexconfig/epstopdf-sys.cfg
File: epstopdf-sys.cfg 2010/07/13 v1.3 Configuration of (r)epstopdf for TeX Liv
e
))
<icons/stakeholder.pdf, id=4, 13.85025pt x 31.89139pt>
File: icons/stakeholder.pdf Graphic file (type pdf)
<use icons/stakeholder.pdf>
Package pdftex.def Info: icons/stakeholder.pdf  used on input line 16.
(pdftex.def)             Requested size: 19.91692pt x 45.86223pt.
LaTeX Font Info:    External font `cmex10' loaded for size
(Font)              <8> on input line 16.
LaTeX Font Info:    External font `cmex10' loaded for size
(Font)              <6> on input line 16.
LaTeX Font Info:    External font `cmex10' loaded for size
(Font)              <5> on input line 16.
File: icons/stakeholder.pdf Graphic file (type pdf)
<use icons/stakeholder.pdf>
Package pdftex.def Info: icons/stakeholder.pdf  used on input line 17.
(pdftex.def)             Requested size: 19.91692pt x 45.86223pt.
<icons/asset.pdf, id=5, 26.75722pt x 30.9308pt>
File: icons/asset.pdf Graphic file (type pdf)
<use icons/asset.pdf>
Package pdftex.def Info: icons/asset.pdf  used on input line 19.
(pdftex.def)             Requested size: 28.45274pt x 32.8922pt.
File: icons/asset.pdf Graphic file (type pdf)
<use icons/asset.pdf>
Package pdftex.def Info: icons/asset.pdf  used on input line 20.
(pdftex.def)             Requested size: 28.45274pt x 32.8922pt.
File: icons/asset.pdf Graphic file (type pdf)
<use icons/asset.pdf>
Package pdftex.def Info: icons/asset.pdf  used on input line 21.
(pdftex.def)             Requested size: 28.45274pt x 32.8922pt.
File: icons/asset.pdf Graphic file (type pdf)
<use icons/asset.pdf>
Package pdftex.def Info: icons/asset.pdf  used on input line 22.
(pdftex.def)             Requested size: 28.45274pt x 32.8922pt.
File: icons/asset.pdf Graphic file (type pdf)
<use icons/asset.pdf>
Package pdftex.def Info: icons/asset.pdf  used on input line 23.
(pdftex.def)             Requested size: 28.45274pt x 32.8922pt.
<icons/threat-human-accidental.pdf, id=6, 21.73596pt x 31.89139pt>
File: icons/threat-human-accidental.pdf Graphic file (type pdf)
<use icons/threat-human-accidental.pdf>
Package pdftex.def Info: icons/threat-human-accidental.pdf  used on input line 
78.
(pdftex.def)             Requested size: 28.45274pt x 41.74928pt.
<icons/threat-non-human.pdf, id=7, 29.59306pt x 30.62517pt>
File: icons/threat-non-human.pdf Graphic file (type pdf)
<use icons/threat-non-human.pdf>
Package pdftex.def Info: icons/threat-non-human.pdf  used on input line 79.
(pdftex.def)             Requested size: 36.98857pt x 38.28227pt.
<icons/vulnerability.pdf, id=8, 22.22153pt x 30.20435pt>
File: icons/vulnerability.pdf Graphic file (type pdf)
<use icons/vulnerability.pdf>
Package pdftex.def Info: icons/vulnerability.pdf  used on input line 81.
(pdftex.def)             Requested size: 22.76219pt x 30.94028pt.
File: icons/vulnerability.pdf Graphic file (type pdf)
<use icons/vulnerability.pdf>
Package pdftex.def Info: icons/vulnerability.pdf  used on input line 82.
(pdftex.def)             Requested size: 22.76219pt x 30.94028pt.
<icons/unwanted-incident.pdf, id=9, 31.87332pt x 31.46004pt>
File: icons/unwanted-incident.pdf Graphic file (type pdf)
<use icons/unwanted-incident.pdf>
Package pdftex.def Info: icons/unwanted-incident.pdf  used on input line 93.
(pdftex.def)             Requested size: 14.22636pt x 14.04166pt.
File: icons/unwanted-incident.pdf Graphic file (type pdf)
<use icons/unwanted-incident.pdf>
Package pdftex.def Info: icons/unwanted-incident.pdf  used on input line 94.
(pdftex.def)             Requested size: 14.22636pt x 14.04166pt.
File: icons/unwanted-incident.pdf Graphic file (type pdf)
<use icons/unwanted-incident.pdf>
Package pdftex.def Info: icons/unwanted-incident.pdf  used on input line 95.
(pdftex.def)             Requested size: 14.22636pt x 14.04166pt.
File: icons/asset.pdf Graphic file (type pdf)
<use icons/asset.pdf>
Package pdftex.def Info: icons/asset.pdf  used on input line 97.
(pdftex.def)             Requested size: 28.45274pt x 32.8922pt.
File: icons/asset.pdf Graphic file (type pdf)
<use icons/asset.pdf>
Package pdftex.def Info: icons/asset.pdf  used on input line 98.
(pdftex.def)             Requested size: 28.45274pt x 32.8922pt.
File: icons/asset.pdf Graphic file (type pdf)
<use icons/asset.pdf>
Package pdftex.def Info: icons/asset.pdf  used on input line 99.
(pdftex.def)             Requested size: 28.45274pt x 32.8922pt.
File: icons/threat-human-accidental.pdf Graphic file (type pdf)
<use icons/threat-human-accidental.pdf>
Package pdftex.def Info: icons/threat-human-accidental.pdf  used on input line 
132.
(pdftex.def)             Requested size: 28.45274pt x 41.74928pt.
File: icons/threat-non-human.pdf Graphic file (type pdf)
<use icons/threat-non-human.pdf>
Package pdftex.def Info: icons/threat-non-human.pdf  used on input line 133.
(pdftex.def)             Requested size: 36.98857pt x 38.28227pt.
<icons/risk.pdf, id=10, 33.58447pt x 27.16373pt>
File: icons/risk.pdf Graphic file (type pdf)
<use icons/risk.pdf>
Package pdftex.def Info: icons/risk.pdf  used on input line 135.
(pdftex.def)             Requested size: 19.91692pt x 16.10892pt.
File: icons/risk.pdf Graphic file (type pdf)
<use icons/risk.pdf>
Package pdftex.def Info: icons/risk.pdf  used on input line 136.
(pdftex.def)             Requested size: 19.91692pt x 16.10892pt.
File: icons/risk.pdf Graphic file (type pdf)
<use icons/risk.pdf>
Package pdftex.def Info: icons/risk.pdf  used on input line 137.
(pdftex.def)             Requested size: 19.91692pt x 16.10892pt.
File: icons/risk.pdf Graphic file (type pdf)
<use icons/risk.pdf>
Package pdftex.def Info: icons/risk.pdf  used on input line 138.
(pdftex.def)             Requested size: 19.91692pt x 16.10892pt.
File: icons/risk.pdf Graphic file (type pdf)
<use icons/risk.pdf>
Package pdftex.def Info: icons/risk.pdf  used on input line 139.
(pdftex.def)             Requested size: 19.91692pt x 16.10892pt.
File: icons/asset.pdf Graphic file (type pdf)
<use icons/asset.pdf>
Package pdftex.def Info: icons/asset.pdf  used on input line 141.
(pdftex.def)             Requested size: 28.45274pt x 32.8922pt.
File: icons/asset.pdf Graphic file (type pdf)
<use icons/asset.pdf>
Package pdftex.def Info: icons/asset.pdf  used on input line 142.
(pdftex.def)             Requested size: 28.45274pt x 32.8922pt.
File: icons/asset.pdf Graphic file (type pdf)
<use icons/asset.pdf>
Package pdftex.def Info: icons/asset.pdf  used on input line 143.
(pdftex.def)             Requested size: 28.45274pt x 32.8922pt.
 [1

{/usr/local/texlive/2026basic/texmf-var/fonts/map/pdftex/updmap/pdftex.map} </U
sers/fabiansmith/Repositories/CORAS/tex/latex/corasdiagram/icons/stakeholder.pd
f> </Users/fabiansmith/Repositories/CORAS/tex/latex/corasdiagram/icons/asset.pd
f

pdfTeX warning: pdflatex (file /Users/fabiansmith/Repositories/CORAS/tex/latex/
corasdiagram/icons/asset.pdf): PDF inclusion: multiple pdfs with page group inc
luded in a single page
> </Users/fabiansmith/Repositories/CORAS/tex/latex/corasdiagram/icons/threat-hu
man-accidental.pdf

pdfTeX warning: pdflatex (file /Users/fabiansmith/Repositories/CORAS/tex/latex/
corasdiagram/icons/threat-human-accidental.pdf): PDF inclusion: multiple pdfs w
ith page group included in a single page
> </Users/fabiansmith/Repositories/CORAS/tex/latex/corasdiagram/icons/threat-no
n-human.pdf

pdfTeX warning: pdflatex (file /Users/fabiansmith/Repositories/CORAS/tex/latex/
corasdiagram/icons/threat-non-human.pdf): PDF inclusion: multiple pdfs with pag
e group included in a single page
> </Users/fabiansmith/Repositories/CORAS/tex/latex/corasdiagram/icons/vulnerabi
lity.pdf

pdfTeX warning: pdflatex (file /Users/fabiansmith/Repositories/CORAS/tex/latex/
corasdiagram/icons/vulnerability.pdf): PDF inclusion: multiple pdfs with page g
roup included in a single page
> </Users/fabiansmith/Repositories/CORAS/tex/latex/corasdiagram/icons/unwanted-
incident.pdf

pdfTeX warning: pdflatex (file /Users/fabiansmith/Repositories/CORAS/tex/latex/
corasdiagram/icons/unwanted-incident.pdf): PDF inclusion: multiple pdfs with pa
ge group included in a single page
>]
<icons/treatment.pdf, id=26, 34.63992pt x 29.444pt>
File: icons/treatment.pdf Graphic file (type pdf)
<use icons/treatment.pdf>
Package pdftex.def Info: icons/treatment.pdf  used on input line 168.
(pdftex.def)             Requested size: 25.60747pt x 21.76709pt.
File: icons/treatment.pdf Graphic file (type pdf)
<use icons/treatment.pdf>
Package pdftex.def Info: icons/treatment.pdf  used on input line 169.
(pdftex.def)             Requested size: 25.60747pt x 21.76709pt.
File: icons/treatment.pdf Graphic file (type pdf)
<use icons/treatment.pdf>
Package pdftex.def Info: icons/treatment.pdf  used on input line 170.
(pdftex.def)             Requested size: 25.60747pt x 21.76709pt.
File: icons/threat-human-accidental.pdf Graphic file (type pdf)
<use icons/threat-human-accidental.pdf>
Package pdftex.def Info: icons/threat-human-accidental.pdf  used on input line 
172.
(pdftex.def)             Requested size: 28.45274pt x 41.74928pt.
File: icons/vulnerability.pdf Graphic file (type pdf)
<use icons/vulnerability.pdf>
Package pdftex.def Info: icons/vulnerability.pdf  used on input line 173.
(pdftex.def)             Requested size: 22.76219pt x 30.94028pt.
File: icons/vulnerability.pdf Graphic file (type pdf)
<use icons/vulnerability.pdf>
Package pdftex.def Info: icons/vulnerability.pdf  used on input line 174.
(pdftex.def)             Requested size: 22.76219pt x 30.94028pt.
File: icons/unwanted-incident.pdf Graphic file (type pdf)
<use icons/unwanted-incident.pdf>
Package pdftex.def Info: icons/unwanted-incident.pdf  used on input line 183.
(pdftex.def)             Requested size: 14.22636pt x 14.04166pt.
File: icons/unwanted-incident.pdf Graphic file (type pdf)
<use icons/unwanted-incident.pdf>
Package pdftex.def Info: icons/unwanted-incident.pdf  used on input line 184.
(pdftex.def)             Requested size: 14.22636pt x 14.04166pt.
File: icons/asset.pdf Graphic file (type pdf)
<use icons/asset.pdf>
Package pdftex.def Info: icons/asset.pdf  used on input line 185.
(pdftex.def)             Requested size: 28.45274pt x 32.8922pt.
File: icons/risk.pdf Graphic file (type pdf)
<use icons/risk.pdf>
Package pdftex.def Info: icons/risk.pdf  used on input line 212.
(pdftex.def)             Requested size: 14.22636pt x 11.50648pt.
File: icons/risk.pdf Graphic file (type pdf)
<use icons/risk.pdf>
Package pdftex.def Info: icons/risk.pdf  used on input line 218.
(pdftex.def)             Requested size: 14.22636pt x 11.50648pt.
File: icons/threat-human-accidental.pdf Graphic file (type pdf)
<use icons/threat-human-accidental.pdf>
Package pdftex.def Info: icons/threat-human-accidental.pdf  used on input line 
229.
(pdftex.def)             Requested size: 28.45274pt x 41.74928pt.
File: icons/threat-non-human.pdf Graphic file (type pdf)
<use icons/threat-non-human.pdf>
Package pdftex.def Info: icons/threat-non-human.pdf  used on input line 230.
(pdftex.def)             Requested size: 36.98857pt x 38.28227pt.
File: icons/risk.pdf Graphic file (type pdf)
<use icons/risk.pdf>
Package pdftex.def Info: icons/risk.pdf  used on input line 231.
(pdftex.def)             Requested size: 19.91692pt x 16.10892pt.
File: icons/risk.pdf Graphic file (type pdf)
<use icons/risk.pdf>
Package pdftex.def Info: icons/risk.pdf  used on input line 232.
(pdftex.def)             Requested size: 19.91692pt x 16.10892pt.
File: icons/asset.pdf Graphic file (type pdf)
<use icons/asset.pdf>
Package pdftex.def Info: icons/asset.pdf  used on input line 233.
(pdftex.def)             Requested size: 28.45274pt x 32.8922pt.
File: icons/treatment.pdf Graphic file (type pdf)
<use icons/treatment.pdf>
Package pdftex.def Info: icons/treatment.pdf  used on input line 247.
(pdftex.def)             Requested size: 25.60747pt x 21.76709pt.
File: icons/treatment.pdf Graphic file (type pdf)
<use icons/treatment.pdf>
Package pdftex.def Info: icons/treatment.pdf  used on input line 248.
(pdftex.def)             Requested size: 25.60747pt x 21.76709pt.
File: icons/treatment.pdf Graphic file (type pdf)
<use icons/treatment.pdf>
Package pdftex.def Info: icons/treatment.pdf  used on input line 249.
(pdftex.def)             Requested size: 25.60747pt x 21.76709pt.
 [2 </Users/fabiansmith/Repositories/CORAS/tex/latex/corasdiagram/icons/risk.pd
f> </Users/fabiansmith/Repositories/CORAS/tex/latex/corasdiagram/icons/treatmen
t.pdf

pdfTeX warning: pdflatex (file /Users/fabiansmith/Repositories/CORAS/tex/latex/
corasdiagram/icons/treatment.pdf): PDF inclusion: multiple pdfs with page group
 included in a single page
>] [3] (./corasdiagram-demo.aux)
 ***********
LaTeX2e <2025-11-01>
L3 programming layer <2026-01-19>
 ***********
 ) 
Here is how much of TeX's memory you used:
 15242 strings out of 469006
 326418 string characters out of 5454814
 777854 words of memory out of 5000000
 43725 multiletter control sequences out of 15000+600000
 631659 words of font info for 53 fonts, out of 8000000 for 9000
 319 hyphenation exceptions out of 8191
 98i,7n,118p,486b,1036s stack positions out of 10000i,1000n,20000p,200000b,200000s
</usr/local/texlive/2026basic/texmf-dist/fonts/type1/public/amsfonts/cm/cmbx1
2.pfb></usr/local/texlive/2026basic/texmf-dist/fonts/type1/public/amsfonts/cm/c
mr8.pfb></usr/local/texlive/2026basic/texmf-dist/fonts/type1/public/amsfonts/cm
/cmss8.pfb>
Output written on corasdiagram-demo.pdf (3 pages, 66338 bytes).
PDF statistics:
 50 PDF objects out of 1000 (max. 8388607)
 30 compressed objects within 1 object stream
 0 named destinations out of 1000 (max. 500000)
 53 words of extra memory for PDF output out of 10000 (max. 10000000)

